check-data.ts(25,75): error TS2339: Property 'annualFee' does not exist on type '{ grade: string; campusId: number; academicYear: string; id: number; annualFee_otp: number | null; annualFee_wotp: number | null; }'.
prisma/seed-finance.ts(47,21): error TS2353: Object literal may only specify known properties, and 'annualFee' does not exist in type 'Without<GradeFeeCreateInput, GradeFeeUncheckedCreateInput> & GradeFeeUncheckedCreateInput'.
prisma/seed-production.ts(120,29): error TS2353: Object literal may only specify known properties, and 'annualFee' does not exist in type '(Without<GradeFeeUpdateInput, GradeFeeUncheckedUpdateInput> & GradeFeeUncheckedUpdateInput) | (Without<...> & GradeFeeUpdateInput)'.
prisma/seed-production.ts(127,25): error TS2353: Object literal may only specify known properties, and 'annualFee' does not exist in type 'Without<GradeFeeCreateInput, GradeFeeUncheckedCreateInput> & GradeFeeUncheckedCreateInput'.
prisma/seed.ts(113,21): error TS2353: Object literal may only specify known properties, and 'annualFee' does not exist in type 'Without<GradeFeeCreateInput, GradeFeeUncheckedCreateInput> & GradeFeeUncheckedCreateInput'.
prisma/seed.ts(319,46): error TS2339: Property 'annualFee' does not exist on type '{ grade: string; campusId: number; academicYear: string; id: number; annualFee_otp: number | null; annualFee_wotp: number | null; }'.
prisma/seed.ts(395,46): error TS2339: Property 'annualFee' does not exist on type '{ grade: string; campusId: number; academicYear: string; id: number; annualFee_otp: number | null; annualFee_wotp: number | null; }'.
scripts/add-campuses.ts(64,29): error TS2353: Object literal may only specify known properties, and 'annualFee' does not exist in type '(Without<GradeFeeUpdateInput, GradeFeeUncheckedUpdateInput> & GradeFeeUncheckedUpdateInput) | (Without<...> & GradeFeeUpdateInput)'.
scripts/add-campuses.ts(71,25): error TS2353: Object literal may only specify known properties, and 'annualFee' does not exist in type 'Without<GradeFeeCreateInput, GradeFeeUncheckedCreateInput> & GradeFeeUncheckedCreateInput'.
src/app/(main)/marketing/page.tsx(13,13): error TS2322: Type 'Record<string, { createdAt: Date; id: number; isActive: boolean; updatedAt: Date; name: string; description: string | null; category: string; fileUrl: string; fileType: string | null; fileSize: number | null; sortOrder: number; uploadedById: number | null; }[]>' is not assignable to type 'Record<string, Asset[]>'.
  'string' index signatures are incompatible.
    Type '{ createdAt: Date; id: number; isActive: boolean; updatedAt: Date; name: string; description: string | null; category: string; fileUrl: string; fileType: string | null; fileSize: number | null; sortOrder: number; uploadedById: number | null; }[]' is not assignable to type 'Asset[]'.
      Type '{ createdAt: Date; id: number; isActive: boolean; updatedAt: Date; name: string; description: string | null; category: string; fileUrl: string; fileType: string | null; fileSize: number | null; sortOrder: number; uploadedById: number | null; }' is missing the following properties from type 'Asset': title, type, url
src/app/(main)/marketing/page.tsx(14,13): error TS4104: The type 'readonly ["Branding", "WhatsApp Templates", "Social Media", "Videos", "Flyers"]' is 'readonly' and cannot be assigned to the mutable type 'string[]'.
src/app/actions.ts(278,35): error TS2339: Property 'annualFee' does not exist on type '{ grade: string; campusId: number; academicYear: string; id: number; annualFee_otp: number | null; annualFee_wotp: number | null; }'.
src/app/campus-actions.ts(90,37): error TS2353: Object literal may only specify known properties, and 'annualFee' does not exist in type '(Without<GradeFeeUpdateInput, GradeFeeUncheckedUpdateInput> & GradeFeeUncheckedUpdateInput) | (Without<...> & GradeFeeUpdateInput)'.
src/app/campus-actions.ts(97,33): error TS2353: Object literal may only specify known properties, and 'annualFee' does not exist in type 'Without<GradeFeeCreateInput, GradeFeeUncheckedCreateInput> & GradeFeeUncheckedCreateInput'.
src/app/import-actions.ts(336,40): error TS2339: Property 'leadStatus' does not exist on type '{ studentName: any; gradeInterested: any; campusId: number; campus: any; admissionNumber: any; selectedFeeType: "OTP" | "WOTP"; annualFee: number | null; }'.
src/app/import-actions.ts(337,40): error TS2339: Property 'confirmedDate' does not exist on type '{ studentName: any; gradeInterested: any; campusId: number; campus: any; admissionNumber: any; selectedFeeType: "OTP" | "WOTP"; annualFee: number | null; }'.
src/app/referral-actions.ts(361,41): error TS2339: Property 'annualFee' does not exist on type '{ grade: string; campusId: number; academicYear: string; id: number; annualFee_otp: number | null; annualFee_wotp: number | null; }'.
src/components/superadmin/ReferralPanel.tsx(41,27): error TS2554: Expected 3 arguments, but got 2.
